# JRE version: Java(TM) SE Runtime Environment (7.0_45-b18) (build 1.7.0_45-b18)
# Java VM: Java HotSpot(TM) 64-Bit Server VM (24.45-b08 mixed mode bsd-amd64 compressed oops)
Heap
 par new generation   total 39296K, used 13654K [0x000000077ae00000, 0x000000077d8a0000, 0x00000007a4790000)
  eden space 34944K,  31% used [0x000000077ae00000, 0x000000077b8ce638, 0x000000077d020000)
  from space 4352K,  59% used [0x000000077d020000, 0x000000077d2a7538, 0x000000077d460000)
  to   space 4352K,   0% used [0x000000077d460000, 0x000000077d460000, 0x000000077d8a0000)
 concurrent mark-sweep generation total 87424K, used 57790K [0x00000007a4790000, 0x00000007a9cf0000, 0x00000007fae00000)
 concurrent-mark-sweep perm gen total 65536K, used 24691K [0x00000007fae00000, 0x00000007fee00000, 0x0000000800000000)
GC Heap History (10 events):
Event: 10.105 GC heap before
{Heap before GC invocations=4 (full 0):
 par new generation   total 39296K, used 29882K [0x000000077ae00000, 0x000000077d8a0000, 0x00000007a4790000)
  eden space 34944K,  82% used [0x000000077ae00000, 0x000000077ca466e8, 0x000000077d020000)
  from space 4352K,  21% used [0x000000077d020000, 0x000000077d108378, 0x000000077d460000)
  to   space 4352K,   0% used [0x000000077d460000, 0x000000077d460000, 0x000000077d8a0000)
 concurrent mark-sweep generation total 87424K, used 56022K [0x00000007a4790000, 0x00000007a9cf0000, 0x00000007fae00000)
 concurrent-mark-sweep perm gen total 65536K, used 21868K [0x00000007fae00000, 0x00000007fee00000, 0x0000000800000000)
Event: 10.108 GC heap after
Heap after GC invocations=5 (full 0):
 par new generation   total 39296K, used 4352K [0x000000077ae00000, 0x000000077d8a0000, 0x00000007a4790000)
  eden space 34944K,   0% used [0x000000077ae00000, 0x000000077ae00000, 0x000000077d020000)
  from space 4352K, 100% used [0x000000077d460000, 0x000000077d8a0000, 0x000000077d8a0000)
  to   space 4352K,   0% used [0x000000077d020000, 0x000000077d020000, 0x000000077d460000)
 concurrent mark-sweep generation total 87424K, used 56278K [0x00000007a4790000, 0x00000007a9cf0000, 0x00000007fae00000)
 concurrent-mark-sweep perm gen total 65536K, used 21868K [0x00000007fae00000, 0x00000007fee00000, 0x0000000800000000)
}
Event: 10.533 GC heap before
{Heap before GC invocations=5 (full 0):
 par new generation   total 39296K, used 39210K [0x000000077ae00000, 0x000000077d8a0000, 0x00000007a4790000)
  eden space 34944K,  99% used [0x000000077ae00000, 0x000000077d00a888, 0x000000077d020000)
  from space 4352K, 100% used [0x000000077d460000, 0x000000077d8a0000, 0x000000077d8a0000)
  to   space 4352K,   0% used [0x000000077d020000, 0x000000077d020000, 0x000000077d460000)
 concurrent mark-sweep generation total 87424K, used 56278K [0x00000007a4790000, 0x00000007a9cf0000, 0x00000007fae00000)
 concurrent-mark-sweep perm gen total 65536K, used 23652K [0x00000007fae00000, 0x00000007fee00000, 0x0000000800000000)
Event: 10.536 GC heap after
Heap after GC invocations=6 (full 0):
 par new generation   total 39296K, used 2974K [0x000000077ae00000, 0x000000077d8a0000, 0x00000007a4790000)
  eden space 34944K,   0% used [0x000000077ae00000, 0x000000077ae00000, 0x000000077d020000)
  from space 4352K,  68% used [0x000000077d020000, 0x000000077d307a10, 0x000000077d460000)
  to   space 4352K,   0% used [0x000000077d460000, 0x000000077d460000, 0x000000077d8a0000)
 concurrent mark-sweep generation total 87424K, used 56365K [0x00000007a4790000, 0x00000007a9cf0000, 0x00000007fae00000)
 concurrent-mark-sweep perm gen total 65536K, used 23652K [0x00000007fae00000, 0x00000007fee00000, 0x0000000800000000)
}
Event: 10.565 GC heap before
{Heap before GC invocations=6 (full 0):
 par new generation   total 39296K, used 34588K [0x000000077ae00000, 0x000000077d8a0000, 0x00000007a4790000)
  eden space 34944K,  90% used [0x000000077ae00000, 0x000000077ccdf8d8, 0x000000077d020000)
  from space 4352K,  68% used [0x000000077d020000, 0x000000077d307a10, 0x000000077d460000)
  to   space 4352K,   0% used [0x000000077d460000, 0x000000077d460000, 0x000000077d8a0000)
 concurrent mark-sweep generation total 87424K, used 56365K [0x00000007a4790000, 0x00000007a9cf0000, 0x00000007fae00000)
 concurrent-mark-sweep perm gen total 65536K, used 23686K [0x00000007fae00000, 0x00000007fee00000, 0x0000000800000000)
Event: 10.568 GC heap after
Heap after GC invocations=7 (full 0):
 par new generation   total 39296K, used 4352K [0x000000077ae00000, 0x000000077d8a0000, 0x00000007a4790000)
  eden space 34944K,   0% used [0x000000077ae00000, 0x000000077ae00000, 0x000000077d020000)
  from space 4352K, 100% used [0x000000077d460000, 0x000000077d8a0000, 0x000000077d8a0000)
  to   space 4352K,   0% used [0x000000077d020000, 0x000000077d020000, 0x000000077d460000)
 concurrent mark-sweep generation total 87424K, used 57682K [0x00000007a4790000, 0x00000007a9cf0000, 0x00000007fae00000)
 concurrent-mark-sweep perm gen total 65536K, used 23686K [0x00000007fae00000, 0x00000007fee00000, 0x0000000800000000)
}
Event: 10.573 GC heap before
{Heap before GC invocations=7 (full 0):
 par new generation   total 39296K, used 37265K [0x000000077ae00000, 0x000000077d8a0000, 0x00000007a4790000)
  eden space 34944K,  94% used [0x000000077ae00000, 0x000000077ce24598, 0x000000077d020000)
  from space 4352K, 100% used [0x000000077d460000, 0x000000077d8a0000, 0x000000077d8a0000)
  to   space 4352K,   0% used [0x000000077d020000, 0x000000077d020000, 0x000000077d460000)
 concurrent mark-sweep generation total 87424K, used 57682K [0x00000007a4790000, 0x00000007a9cf0000, 0x00000007fae00000)
 concurrent-mark-sweep perm gen total 65536K, used 23686K [0x00000007fae00000, 0x00000007fee00000, 0x0000000800000000)
Event: 10.574 GC heap after
Heap after GC invocations=8 (full 0):
 par new generation   total 39296K, used 67K [0x000000077ae00000, 0x000000077d8a0000, 0x00000007a4790000)
  eden space 34944K,   0% used [0x000000077ae00000, 0x000000077ae00000, 0x000000077d020000)
  from space 4352K,   1% used [0x000000077d020000, 0x000000077d030d90, 0x000000077d460000)
  to   space 4352K,   0% used [0x000000077d460000, 0x000000077d460000, 0x000000077d8a0000)
 concurrent mark-sweep generation total 87424K, used 57786K [0x00000007a4790000, 0x00000007a9cf0000, 0x00000007fae00000)
 concurrent-mark-sweep perm gen total 65536K, used 23686K [0x00000007fae00000, 0x00000007fee00000, 0x0000000800000000)
}
Event: 10.577 GC heap before
{Heap before GC invocations=8 (full 0):
 par new generation   total 39296K, used 28834K [0x000000077ae00000, 0x000000077d8a0000, 0x00000007a4790000)
  eden space 34944K,  82% used [0x000000077ae00000, 0x000000077ca17d50, 0x000000077d020000)
  from space 4352K,   1% used [0x000000077d020000, 0x000000077d030d90, 0x000000077d460000)
  to   space 4352K,   0% used [0x000000077d460000, 0x000000077d460000, 0x000000077d8a0000)
 concurrent mark-sweep generation total 87424K, used 57786K [0x00000007a4790000, 0x00000007a9cf0000, 0x00000007fae00000)
 concurrent-mark-sweep perm gen total 65536K, used 23686K [0x00000007fae00000, 0x00000007fee00000, 0x0000000800000000)
Event: 10.578 GC heap after
Heap after GC invocations=9 (full 0):
 par new generation   total 39296K, used 4138K [0x000000077ae00000, 0x000000077d8a0000, 0x00000007a4790000)
  eden space 34944K,   0% used [0x000000077ae00000, 0x000000077ae00000, 0x000000077d020000)
  from space 4352K,  95% used [0x000000077d460000, 0x000000077d86aa10, 0x000000077d8a0000)
  to   space 4352K,   0% used [0x000000077d020000, 0x000000077d020000, 0x000000077d460000)
 concurrent mark-sweep generation total 87424K, used 57786K [0x00000007a4790000, 0x00000007a9cf0000, 0x00000007fae00000)
 concurrent-mark-sweep perm gen total 65536K, used 23686K [0x00000007fae00000, 0x00000007fee00000, 0x0000000800000000)
}

